<?xml version="1.0" encoding="ISO-8859-1"?>

<minerva 
	xmlns="http://www.auster.com.br/minerva">

	
	<listeners class="br.com.auster.minerva.billcheckout.test.RandomGeneratorListener" count="1">
		<configuration/>
	</listeners>

	<manager class="br.com.auster.minerva.billcheckout.BillcheckoutMinervaManagerBase">
		<configuration pool-name="testdb" pool-size="3">
			<sql:configuration xmlns:sql="http://www.auster.com.br/common/sql/">
				<sql:database name="testdb">
					<sql:statements path="src/test/resources/queries.xml"/>
				</sql:database>				
		    </sql:configuration>
		</configuration>
		<factory class="br.com.auster.minerva.core.impl.ReportFactoryBase">
			<configuration>
				<report name="simple-report" class="br.com.auster.minerva.billcheckout.test.DummyReport">
					<configuration filename="query/query.xml"/>
				</report>
			</configuration>
		</factory>
	</manager>
	
</minerva>